<?xml version="1.0" encoding="UTF-8"?>
  <testsuite name="PTP e2e integration tests" tests="0" failures="0" errors="0" time="0">
      <testcase name="soak-testing soak-testing" classname="PTP e2e integration tests" time="0">
          <skipped></skipped>
      </testcase>
  </testsuite>